file.lst
HavokWrapper.dll
HavokWrapper.xml
InfinarioSDK.dll
Sandbox.Common.dll
Sandbox.Common.XML
Sandbox.Game.dll
Sandbox.Graphics.dll
SharpDX.Direct2D1.dll
SharpDX.Direct2D1.xml
SharpDX.Direct3D11.dll
SharpDX.Direct3D11.xml
SharpDX.dll
SharpDX.DXGI.dll
SharpDX.DXGI.xml
SharpDX.Toolkit.dll
SharpDX.Toolkit.Graphics.dll
SharpDX.Toolkit.Graphics.xml
SharpDX.Toolkit.xml
SpaceEngineers.Game.dll
SpaceEngineers.ico
SpaceEngineers.ObjectBuilders.dll
SpaceEngineers.ObjectBuilders.XmlSerializers.dll
SpaceEngineersDedicated.exe
SteamSDK.dll
steam_appid.txt
System.Data.SQLite.dll
System.Data.SQLite.xml
VRage.Audio.dll
VRage.Dedicated.dll
VRage.dll
VRage.Game.dll
VRage.Game.xml
VRage.Game.XmlSerializers.dll
VRage.Input.dll
VRage.Library.dll
VRage.Library.XML
VRage.Math.dll
VRage.Math.XML
VRage.Native.dll
VRage.Render.dll
VRage.xml
